[ INFO ] 2021-05-31 18:19:08 [ main:39 ]       com.api.test.utils.RequestUtils     - 请求数据，请求方法:get,请求路径:/user/login,请求文本类型:application/json,请求头信息:null,请求主体:{"password":"123123","username":"xiaohong"}
[ INFO ] 2021-05-31 18:19:10 [ main:42 ] com.api.test.object.UserInfoApiObjectTest     - 获取接口token：eyJ0eXAiOiJKV1QiLCJhbGciOiJIUzI1NiJ9.eyJpZCI6IjEiLCJ1c2VyTmFtZSI6InhpYW9ob25nIiwiZXhwIjoxNjIzMDYxMTQ5fQ.JwjeD3eMdAmlgDK_VhADtrhIs9Abp_u7BxAXZkAMqQ8
[ INFO ] 2021-05-31 18:19:10 [ main:39 ]       com.api.test.utils.RequestUtils     - 请求数据，请求方法:get,请求路径:/info/user,请求文本类型:application/json,请求头信息:{"token":"eyJ0eXAiOiJKV1QiLCJhbGciOiJIUzI1NiJ9.eyJpZCI6IjEiLCJ1c2VyTmFtZSI6InhpYW9ob25nIiwiZXhwIjoxNjIzMDYxMTQ5fQ.JwjeD3eMdAmlgDK_VhADtrhIs9Abp_u7BxAXZkAMqQ8"},请求主体:null
[ INFO ] 2021-05-31 18:19:10 [ main:43 ]      com.api.test.utils.MustacheUtils     - 读取模板文件:mustache/userInfo.mustache，替换的内容:{"userName":"null","userId":49,"phoneNumber":"null","email":"null"}
[ INFO ] 2021-05-31 18:19:11 [ main:39 ]       com.api.test.utils.RequestUtils     - 请求数据，请求方法:post,请求路径:/info/user,请求文本类型:application/json,请求头信息:{"token":"eyJ0eXAiOiJKV1QiLCJhbGciOiJIUzI1NiJ9.eyJpZCI6IjEiLCJ1c2VyTmFtZSI6InhpYW9ob25nIiwiZXhwIjoxNjIzMDYxMTQ5fQ.JwjeD3eMdAmlgDK_VhADtrhIs9Abp_u7BxAXZkAMqQ8"},请求主体:{"userName":"null","userId":49,"friends":[{"userName":"小红喵","userId":11,"phone":"18623456555","email":"xiaohongmiao@qq.com"},{"userName":"小红旺","userId":12,"phone":"18623456566","email":"xiaohongwang@qq.com"}],"phone":"null","email":"null"}
[ INFO ] 2021-05-31 18:19:11 [ main:39 ]       com.api.test.utils.RequestUtils     - 请求数据，请求方法:get,请求路径:/info/user,请求文本类型:application/json,请求头信息:{"token":"eyJ0eXAiOiJKV1QiLCJhbGciOiJIUzI1NiJ9.eyJpZCI6IjEiLCJ1c2VyTmFtZSI6InhpYW9ob25nIiwiZXhwIjoxNjIzMDYxMTQ5fQ.JwjeD3eMdAmlgDK_VhADtrhIs9Abp_u7BxAXZkAMqQ8"},请求主体:null
[ INFO ] 2021-05-31 18:19:11 [ main:160 ] com.api.test.object.UserInfoApiObjectTest     - 获取到的UserId：49
[ INFO ] 2021-05-31 18:19:11 [ main:161 ] com.api.test.object.UserInfoApiObjectTest     - 通过UserId删除用户信息
[ INFO ] 2021-05-31 18:19:11 [ main:39 ]       com.api.test.utils.RequestUtils     - 请求数据，请求方法:delete,请求路径:/info/user/49,请求文本类型:application/json,请求头信息:{"token":"eyJ0eXAiOiJKV1QiLCJhbGciOiJIUzI1NiJ9.eyJpZCI6IjEiLCJ1c2VyTmFtZSI6InhpYW9ob25nIiwiZXhwIjoxNjIzMDYxMTQ5fQ.JwjeD3eMdAmlgDK_VhADtrhIs9Abp_u7BxAXZkAMqQ8"},请求主体:null
[ INFO ] 2021-05-31 18:19:11 [ main:164 ] com.api.test.object.UserInfoApiObjectTest     - 通过UserId删除用户信息：{
    "code": "00000",
    "message": "成功",
    "data": {
        "userId": 49,
        "userName": "null",
        "email": "null",
        "phone": "null",
        "friends": [
            {
                "userId": 11,
                "userName": "小红喵",
                "email": "xiaohongmiao@qq.com",
                "phone": "18623456555",
                "friends": null
            },
            {
                "userId": 12,
                "userName": "小红旺",
                "email": "xiaohongwang@qq.com",
                "phone": "18623456566",
                "friends": null
            }
        ]
    },
    "success": true
}
[ INFO ] 2021-05-31 18:19:11 [ main:39 ]       com.api.test.utils.RequestUtils     - 请求数据，请求方法:get,请求路径:/info/user,请求文本类型:application/json,请求头信息:{"token":"eyJ0eXAiOiJKV1QiLCJhbGciOiJIUzI1NiJ9.eyJpZCI6IjEiLCJ1c2VyTmFtZSI6InhpYW9ob25nIiwiZXhwIjoxNjIzMDYxMTQ5fQ.JwjeD3eMdAmlgDK_VhADtrhIs9Abp_u7BxAXZkAMqQ8"},请求主体:null
[ INFO ] 2021-05-31 18:19:11 [ main:39 ]       com.api.test.utils.RequestUtils     - 请求数据，请求方法:get,请求路径:/info/user,请求文本类型:application/json,请求头信息:{"token":"eyJ0eXAiOiJKV1QiLCJhbGciOiJIUzI1NiJ9.eyJpZCI6IjEiLCJ1c2VyTmFtZSI6InhpYW9ob25nIiwiZXhwIjoxNjIzMDYxMTQ5fQ.JwjeD3eMdAmlgDK_VhADtrhIs9Abp_u7BxAXZkAMqQ8"},请求主体:null
[ INFO ] 2021-05-31 18:19:11 [ main:43 ]      com.api.test.utils.MustacheUtils     - 读取模板文件:mustache/userInfo.mustache，替换的内容:{"userName":"null","userId":31,"phoneNumber":"null","email":"null"}
[ INFO ] 2021-05-31 18:19:11 [ main:39 ]       com.api.test.utils.RequestUtils     - 请求数据，请求方法:post,请求路径:/info/user,请求文本类型:application/json,请求头信息:{"token":"eyJ0eXAiOiJKV1QiLCJhbGciOiJIUzI1NiJ9.eyJpZCI6IjEiLCJ1c2VyTmFtZSI6InhpYW9ob25nIiwiZXhwIjoxNjIzMDYxMTQ5fQ.JwjeD3eMdAmlgDK_VhADtrhIs9Abp_u7BxAXZkAMqQ8"},请求主体:{"userName":"null","userId":31,"friends":[{"userName":"小红喵","userId":11,"phone":"18623456555","email":"xiaohongmiao@qq.com"},{"userName":"小红旺","userId":12,"phone":"18623456566","email":"xiaohongwang@qq.com"}],"phone":"null","email":"null"}
[ INFO ] 2021-05-31 18:19:11 [ main:39 ]       com.api.test.utils.RequestUtils     - 请求数据，请求方法:get,请求路径:/info/user,请求文本类型:application/json,请求头信息:{"token":"eyJ0eXAiOiJKV1QiLCJhbGciOiJIUzI1NiJ9.eyJpZCI6IjEiLCJ1c2VyTmFtZSI6InhpYW9ob25nIiwiZXhwIjoxNjIzMDYxMTQ5fQ.JwjeD3eMdAmlgDK_VhADtrhIs9Abp_u7BxAXZkAMqQ8"},请求主体:null
[ INFO ] 2021-05-31 18:19:11 [ main:130 ] com.api.test.object.UserInfoApiObjectTest     - 获取到的UserId：31
[ INFO ] 2021-05-31 18:19:11 [ main:137 ] com.api.test.object.UserInfoApiObjectTest     - 更新用户信息请求body：{"userName":"小红红","userId":31,"phone":"18623456543","email":"xiaohonghong@qq.com"}
[ INFO ] 2021-05-31 18:19:11 [ main:138 ] com.api.test.object.UserInfoApiObjectTest     - 通过UserId更新用户信息
[ INFO ] 2021-05-31 18:19:11 [ main:39 ]       com.api.test.utils.RequestUtils     - 请求数据，请求方法:put,请求路径:/info/user/31,请求文本类型:application/json,请求头信息:{"token":"eyJ0eXAiOiJKV1QiLCJhbGciOiJIUzI1NiJ9.eyJpZCI6IjEiLCJ1c2VyTmFtZSI6InhpYW9ob25nIiwiZXhwIjoxNjIzMDYxMTQ5fQ.JwjeD3eMdAmlgDK_VhADtrhIs9Abp_u7BxAXZkAMqQ8"},请求主体:{"userName":"小红红","userId":31,"phone":"18623456543","email":"xiaohonghong@qq.com"}
[ INFO ] 2021-05-31 18:19:12 [ main:141 ] com.api.test.object.UserInfoApiObjectTest     - 通过UserId更新用户信息接口返回信息：{
    "code": "00000",
    "message": "成功",
    "data": {
        "userId": 31,
        "userName": "小红红",
        "email": "xiaohonghong@qq.com",
        "phone": "18623456543",
        "friends": null
    },
    "success": true
}
[ INFO ] 2021-05-31 18:19:12 [ main:39 ]       com.api.test.utils.RequestUtils     - 请求数据，请求方法:get,请求路径:/info/user,请求文本类型:application/json,请求头信息:{"token":"eyJ0eXAiOiJKV1QiLCJhbGciOiJIUzI1NiJ9.eyJpZCI6IjEiLCJ1c2VyTmFtZSI6InhpYW9ob25nIiwiZXhwIjoxNjIzMDYxMTQ5fQ.JwjeD3eMdAmlgDK_VhADtrhIs9Abp_u7BxAXZkAMqQ8"},请求主体:null
[ INFO ] 2021-05-31 18:19:12 [ main:39 ]       com.api.test.utils.RequestUtils     - 请求数据，请求方法:delete,请求路径:/info/user/31,请求文本类型:application/json,请求头信息:{"token":"eyJ0eXAiOiJKV1QiLCJhbGciOiJIUzI1NiJ9.eyJpZCI6IjEiLCJ1c2VyTmFtZSI6InhpYW9ob25nIiwiZXhwIjoxNjIzMDYxMTQ5fQ.JwjeD3eMdAmlgDK_VhADtrhIs9Abp_u7BxAXZkAMqQ8"},请求主体:null
[ INFO ] 2021-05-31 18:19:12 [ main:39 ]       com.api.test.utils.RequestUtils     - 请求数据，请求方法:get,请求路径:/info/user,请求文本类型:application/json,请求头信息:{"token":"eyJ0eXAiOiJKV1QiLCJhbGciOiJIUzI1NiJ9.eyJpZCI6IjEiLCJ1c2VyTmFtZSI6InhpYW9ob25nIiwiZXhwIjoxNjIzMDYxMTQ5fQ.JwjeD3eMdAmlgDK_VhADtrhIs9Abp_u7BxAXZkAMqQ8"},请求主体:null
[ INFO ] 2021-05-31 18:19:12 [ main:43 ]      com.api.test.utils.MustacheUtils     - 读取模板文件:mustache/userInfo.mustache，替换的内容:{"userName":"null","userId":92,"phoneNumber":"null","email":"null"}
[ INFO ] 2021-05-31 18:19:12 [ main:63 ] com.api.test.object.UserInfoApiObjectTest     - 创建用户信息请求body：{"userName":"null","userId":92,"friends":[{"userName":"小红喵","userId":11,"phone":"18623456555","email":"xiaohongmiao@qq.com"},{"userName":"小红旺","userId":12,"phone":"18623456566","email":"xiaohongwang@qq.com"}],"phone":"null","email":"null"}
[ INFO ] 2021-05-31 18:19:12 [ main:43 ]      com.api.test.utils.MustacheUtils     - 读取模板文件:mustache/userInfo.mustache，替换的内容:{"userName":"null","userId":45,"phoneNumber":"null","email":"null"}
[ INFO ] 2021-05-31 18:19:12 [ main:39 ]       com.api.test.utils.RequestUtils     - 请求数据，请求方法:post,请求路径:/info/user,请求文本类型:application/json,请求头信息:{"token":"eyJ0eXAiOiJKV1QiLCJhbGciOiJIUzI1NiJ9.eyJpZCI6IjEiLCJ1c2VyTmFtZSI6InhpYW9ob25nIiwiZXhwIjoxNjIzMDYxMTQ5fQ.JwjeD3eMdAmlgDK_VhADtrhIs9Abp_u7BxAXZkAMqQ8"},请求主体:{"userName":"null","userId":45,"friends":[{"userName":"小红喵","userId":11,"phone":"18623456555","email":"xiaohongmiao@qq.com"},{"userName":"小红旺","userId":12,"phone":"18623456566","email":"xiaohongwang@qq.com"}],"phone":"null","email":"null"}
[ INFO ] 2021-05-31 18:19:12 [ main:65 ] com.api.test.object.UserInfoApiObjectTest     - 创建用户信息接口返回信息：{
    "code": "00000",
    "message": "成功",
    "data": {
        "userId": 45,
        "userName": "null",
        "email": "null",
        "phone": "null",
        "friends": [
            {
                "userId": 11,
                "userName": "小红喵",
                "email": "xiaohongmiao@qq.com",
                "phone": "18623456555",
                "friends": null
            },
            {
                "userId": 12,
                "userName": "小红旺",
                "email": "xiaohongwang@qq.com",
                "phone": "18623456566",
                "friends": null
            }
        ]
    },
    "success": true
}
[ INFO ] 2021-05-31 18:19:12 [ main:66 ] com.api.test.object.UserInfoApiObjectTest     - 创建用户信息测试结果断言
[ INFO ] 2021-05-31 18:19:12 [ main:39 ]       com.api.test.utils.RequestUtils     - 请求数据，请求方法:get,请求路径:/info/user,请求文本类型:application/json,请求头信息:{"token":"eyJ0eXAiOiJKV1QiLCJhbGciOiJIUzI1NiJ9.eyJpZCI6IjEiLCJ1c2VyTmFtZSI6InhpYW9ob25nIiwiZXhwIjoxNjIzMDYxMTQ5fQ.JwjeD3eMdAmlgDK_VhADtrhIs9Abp_u7BxAXZkAMqQ8"},请求主体:null
[ INFO ] 2021-05-31 18:19:12 [ main:39 ]       com.api.test.utils.RequestUtils     - 请求数据，请求方法:delete,请求路径:/info/user/45,请求文本类型:application/json,请求头信息:{"token":"eyJ0eXAiOiJKV1QiLCJhbGciOiJIUzI1NiJ9.eyJpZCI6IjEiLCJ1c2VyTmFtZSI6InhpYW9ob25nIiwiZXhwIjoxNjIzMDYxMTQ5fQ.JwjeD3eMdAmlgDK_VhADtrhIs9Abp_u7BxAXZkAMqQ8"},请求主体:null
[ INFO ] 2021-05-31 18:19:12 [ main:39 ]       com.api.test.utils.RequestUtils     - 请求数据，请求方法:get,请求路径:/info/user,请求文本类型:application/json,请求头信息:{"token":"eyJ0eXAiOiJKV1QiLCJhbGciOiJIUzI1NiJ9.eyJpZCI6IjEiLCJ1c2VyTmFtZSI6InhpYW9ob25nIiwiZXhwIjoxNjIzMDYxMTQ5fQ.JwjeD3eMdAmlgDK_VhADtrhIs9Abp_u7BxAXZkAMqQ8"},请求主体:null
[ INFO ] 2021-05-31 18:19:12 [ main:43 ]      com.api.test.utils.MustacheUtils     - 读取模板文件:mustache/userInfo.mustache，替换的内容:{"userName":"null","userId":49,"phoneNumber":"null","email":"null"}
[ INFO ] 2021-05-31 18:19:12 [ main:39 ]       com.api.test.utils.RequestUtils     - 请求数据，请求方法:post,请求路径:/info/user,请求文本类型:application/json,请求头信息:{"token":"eyJ0eXAiOiJKV1QiLCJhbGciOiJIUzI1NiJ9.eyJpZCI6IjEiLCJ1c2VyTmFtZSI6InhpYW9ob25nIiwiZXhwIjoxNjIzMDYxMTQ5fQ.JwjeD3eMdAmlgDK_VhADtrhIs9Abp_u7BxAXZkAMqQ8"},请求主体:{"userName":"null","userId":49,"friends":[{"userName":"小红喵","userId":11,"phone":"18623456555","email":"xiaohongmiao@qq.com"},{"userName":"小红旺","userId":12,"phone":"18623456566","email":"xiaohongwang@qq.com"}],"phone":"null","email":"null"}
[ INFO ] 2021-05-31 18:19:13 [ main:86 ] com.api.test.object.UserInfoApiObjectTest     - 查询所有用户信息
[ INFO ] 2021-05-31 18:19:13 [ main:39 ]       com.api.test.utils.RequestUtils     - 请求数据，请求方法:get,请求路径:/info/user,请求文本类型:application/json,请求头信息:{"token":"eyJ0eXAiOiJKV1QiLCJhbGciOiJIUzI1NiJ9.eyJpZCI6IjEiLCJ1c2VyTmFtZSI6InhpYW9ob25nIiwiZXhwIjoxNjIzMDYxMTQ5fQ.JwjeD3eMdAmlgDK_VhADtrhIs9Abp_u7BxAXZkAMqQ8"},请求主体:null
[ INFO ] 2021-05-31 18:19:13 [ main:89 ] com.api.test.object.UserInfoApiObjectTest     - 查询所有用户信息接口返回信息：{
    "code": "00000",
    "message": "成功",
    "data": [
        {
            "userId": 49,
            "userName": "null",
            "email": "null",
            "phone": "null",
            "friends": [
                {
                    "userId": 11,
                    "userName": "小红喵",
                    "email": "xiaohongmiao@qq.com",
                    "phone": "18623456555",
                    "friends": null
                },
                {
                    "userId": 12,
                    "userName": "小红旺",
                    "email": "xiaohongwang@qq.com",
                    "phone": "18623456566",
                    "friends": null
                }
            ]
        }
    ],
    "success": true
}
[ INFO ] 2021-05-31 18:19:13 [ main:39 ]       com.api.test.utils.RequestUtils     - 请求数据，请求方法:get,请求路径:/info/user,请求文本类型:application/json,请求头信息:{"token":"eyJ0eXAiOiJKV1QiLCJhbGciOiJIUzI1NiJ9.eyJpZCI6IjEiLCJ1c2VyTmFtZSI6InhpYW9ob25nIiwiZXhwIjoxNjIzMDYxMTQ5fQ.JwjeD3eMdAmlgDK_VhADtrhIs9Abp_u7BxAXZkAMqQ8"},请求主体:null
[ INFO ] 2021-05-31 18:19:13 [ main:39 ]       com.api.test.utils.RequestUtils     - 请求数据，请求方法:delete,请求路径:/info/user/49,请求文本类型:application/json,请求头信息:{"token":"eyJ0eXAiOiJKV1QiLCJhbGciOiJIUzI1NiJ9.eyJpZCI6IjEiLCJ1c2VyTmFtZSI6InhpYW9ob25nIiwiZXhwIjoxNjIzMDYxMTQ5fQ.JwjeD3eMdAmlgDK_VhADtrhIs9Abp_u7BxAXZkAMqQ8"},请求主体:null
[ INFO ] 2021-05-31 18:19:13 [ main:39 ]       com.api.test.utils.RequestUtils     - 请求数据，请求方法:get,请求路径:/info/user,请求文本类型:application/json,请求头信息:{"token":"eyJ0eXAiOiJKV1QiLCJhbGciOiJIUzI1NiJ9.eyJpZCI6IjEiLCJ1c2VyTmFtZSI6InhpYW9ob25nIiwiZXhwIjoxNjIzMDYxMTQ5fQ.JwjeD3eMdAmlgDK_VhADtrhIs9Abp_u7BxAXZkAMqQ8"},请求主体:null
[ INFO ] 2021-05-31 18:19:13 [ main:43 ]      com.api.test.utils.MustacheUtils     - 读取模板文件:mustache/userInfo.mustache，替换的内容:{"userName":"null","userId":78,"phoneNumber":"null","email":"null"}
[ INFO ] 2021-05-31 18:19:13 [ main:39 ]       com.api.test.utils.RequestUtils     - 请求数据，请求方法:post,请求路径:/info/user,请求文本类型:application/json,请求头信息:{"token":"eyJ0eXAiOiJKV1QiLCJhbGciOiJIUzI1NiJ9.eyJpZCI6IjEiLCJ1c2VyTmFtZSI6InhpYW9ob25nIiwiZXhwIjoxNjIzMDYxMTQ5fQ.JwjeD3eMdAmlgDK_VhADtrhIs9Abp_u7BxAXZkAMqQ8"},请求主体:{"userName":"null","userId":78,"friends":[{"userName":"小红喵","userId":11,"phone":"18623456555","email":"xiaohongmiao@qq.com"},{"userName":"小红旺","userId":12,"phone":"18623456566","email":"xiaohongwang@qq.com"}],"phone":"null","email":"null"}
[ INFO ] 2021-05-31 18:19:13 [ main:39 ]       com.api.test.utils.RequestUtils     - 请求数据，请求方法:get,请求路径:/info/user,请求文本类型:application/json,请求头信息:{"token":"eyJ0eXAiOiJKV1QiLCJhbGciOiJIUzI1NiJ9.eyJpZCI6IjEiLCJ1c2VyTmFtZSI6InhpYW9ob25nIiwiZXhwIjoxNjIzMDYxMTQ5fQ.JwjeD3eMdAmlgDK_VhADtrhIs9Abp_u7BxAXZkAMqQ8"},请求主体:null
[ INFO ] 2021-05-31 18:19:13 [ main:106 ] com.api.test.object.UserInfoApiObjectTest     - 通过UserId查询用户信息
[ INFO ] 2021-05-31 18:19:13 [ main:109 ] com.api.test.object.UserInfoApiObjectTest     - 获取到的UserId：78
[ INFO ] 2021-05-31 18:19:13 [ main:39 ]       com.api.test.utils.RequestUtils     - 请求数据，请求方法:get,请求路径:/info/user/78,请求文本类型:application/json,请求头信息:{"token":"eyJ0eXAiOiJKV1QiLCJhbGciOiJIUzI1NiJ9.eyJpZCI6IjEiLCJ1c2VyTmFtZSI6InhpYW9ob25nIiwiZXhwIjoxNjIzMDYxMTQ5fQ.JwjeD3eMdAmlgDK_VhADtrhIs9Abp_u7BxAXZkAMqQ8"},请求主体:null
[ INFO ] 2021-05-31 18:19:13 [ main:111 ] com.api.test.object.UserInfoApiObjectTest     - 通过UserId查询用户信息接口返回信息：{
    "code": "00000",
    "message": "成功",
    "data": {
        "userId": 78,
        "userName": "null",
        "email": "null",
        "phone": "null",
        "friends": [
            {
                "userId": 11,
                "userName": "小红喵",
                "email": "xiaohongmiao@qq.com",
                "phone": "18623456555",
                "friends": null
            },
            {
                "userId": 12,
                "userName": "小红旺",
                "email": "xiaohongwang@qq.com",
                "phone": "18623456566",
                "friends": null
            }
        ]
    },
    "success": true
}
[ INFO ] 2021-05-31 18:19:13 [ main:39 ]       com.api.test.utils.RequestUtils     - 请求数据，请求方法:get,请求路径:/info/user,请求文本类型:application/json,请求头信息:{"token":"eyJ0eXAiOiJKV1QiLCJhbGciOiJIUzI1NiJ9.eyJpZCI6IjEiLCJ1c2VyTmFtZSI6InhpYW9ob25nIiwiZXhwIjoxNjIzMDYxMTQ5fQ.JwjeD3eMdAmlgDK_VhADtrhIs9Abp_u7BxAXZkAMqQ8"},请求主体:null
[ INFO ] 2021-05-31 18:19:13 [ main:39 ]       com.api.test.utils.RequestUtils     - 请求数据，请求方法:delete,请求路径:/info/user/78,请求文本类型:application/json,请求头信息:{"token":"eyJ0eXAiOiJKV1QiLCJhbGciOiJIUzI1NiJ9.eyJpZCI6IjEiLCJ1c2VyTmFtZSI6InhpYW9ob25nIiwiZXhwIjoxNjIzMDYxMTQ5fQ.JwjeD3eMdAmlgDK_VhADtrhIs9Abp_u7BxAXZkAMqQ8"},请求主体:null
